newMonth: SUCCESS
addCostumer: SUCCESS
addCostumer: INVALID_INPUT
addCostumer: SUCCESS
buyRecord: SUCCESS
getExpenses: DOESNT_EXISTS
putOnTop: INVALID_INPUT
addPrize: INVALID_INPUT
addCostumer: SUCCESS
addCostumer: SUCCESS
getPlace: column=12, hight=0
isMember: False
addCostumer: SUCCESS
getExpenses: DOESNT_EXISTS
makeMember: SUCCESS
putOnTop: SUCCESS
getPlace: column=11, hight=13
getExpenses: 0
isMember: DOESNT_EXISTS
isMember: False
getPhone: 246
getPhone: 214
addPrize: SUCCESS
addCostumer: SUCCESS
buyRecord: SUCCESS
getPlace: column=15, hight=0
addPrize: INVALID_INPUT
putOnTop: SUCCESS
buyRecord: SUCCESS
buyRecord: SUCCESS
makeMember: SUCCESS
getPlace: DOESNT_EXISTS
getExpenses: DOESNT_EXISTS
getPhone: 42
buyRecord: SUCCESS
buyRecord: SUCCESS
getPlace: column=13, hight=0
getPhone: DOESNT_EXISTS
addPrize: SUCCESS
makeMember: ALREADY_EXISTS
getExpenses: DOESNT_EXISTS
addCostumer: SUCCESS
getExpenses: DOESNT_EXISTS
getPhone: 42
putOnTop: INVALID_INPUT
getPlace: column=12, hight=0
buyRecord: SUCCESS
getPlace: column=7, hight=0
getExpenses: 194
makeMember: SUCCESS
buyRecord: SUCCESS
getPlace: column=7, hight=0
getPlace: column=11, hight=0
addPrize: INVALID_INPUT
getExpenses: INVALID_INPUT
makeMember: SUCCESS
addPrize: SUCCESS
getPlace: INVALID_INPUT
getPlace: INVALID_INPUT
getExpenses: -87
addPrize: INVALID_INPUT
addCostumer: SUCCESS
makeMember: ALREADY_EXISTS
isMember: INVALID_INPUT
getPhone: 214
getPhone: 246
buyRecord: SUCCESS
isMember: True
buyRecord: SUCCESS
buyRecord: INVALID_INPUT
isMember: True
addCostumer: SUCCESS
putOnTop: SUCCESS
makeMember: SUCCESS
makeMember: SUCCESS
isMember: True
getPlace: DOESNT_EXISTS
putOnTop: DOESNT_EXISTS
getPhone: 45
getPhone: 45
makeMember: ALREADY_EXISTS
isMember: True
getPlace: DOESNT_EXISTS
buyRecord: SUCCESS
addPrize: SUCCESS
putOnTop: DOESNT_EXISTS
makeMember: INVALID_INPUT
makeMember: ALREADY_EXISTS
makeMember: ALREADY_EXISTS
buyRecord: SUCCESS
getPhone: 227
addPrize: SUCCESS
isMember: False
getPhone: 42
addPrize: SUCCESS
buyRecord: SUCCESS
addCostumer: SUCCESS
buyRecord: SUCCESS
addPrize: SUCCESS
getExpenses: INVALID_INPUT
getPhone: 206
getExpenses: DOESNT_EXISTS
addCostumer: SUCCESS
newMonth: SUCCESS
addCostumer: SUCCESS
addCostumer: SUCCESS
addCostumer: SUCCESS
getExpenses: DOESNT_EXISTS
makeMember: SUCCESS
getExpenses: 0
isMember: False
getExpenses: DOESNT_EXISTS
getPhone: 3
addCostumer: SUCCESS
putOnTop: SUCCESS
addPrize: INVALID_INPUT
makeMember: ALREADY_EXISTS
isMember: False
getPlace: column=8, hight=0
getPlace: INVALID_INPUT
addCostumer: SUCCESS
isMember: False
addPrize: INVALID_INPUT
addPrize: INVALID_INPUT
buyRecord: SUCCESS
addCostumer: SUCCESS
makeMember: SUCCESS
addPrize: INVALID_INPUT
putOnTop: SUCCESS
addCostumer: SUCCESS
addPrize: SUCCESS
makeMember: ALREADY_EXISTS
makeMember: DOESNT_EXISTS
makeMember: DOESNT_EXISTS
addPrize: SUCCESS
makeMember: SUCCESS
isMember: False
getExpenses: DOESNT_EXISTS
putOnTop: SUCCESS
addCostumer: SUCCESS
getPlace: INVALID_INPUT
buyRecord: SUCCESS
addCostumer: SUCCESS
makeMember: SUCCESS
addPrize: SUCCESS
getPlace: column=26, hight=0
makeMember: SUCCESS
getExpenses: 100
buyRecord: SUCCESS
getExpenses: DOESNT_EXISTS
getPhone: 3
addPrize: INVALID_INPUT
makeMember: SUCCESS
addCostumer: SUCCESS
getExpenses: 0
getExpenses: 100
getPlace: column=12, hight=6
putOnTop: DOESNT_EXISTS
makeMember: SUCCESS
isMember: True
getExpenses: DOESNT_EXISTS
buyRecord: INVALID_INPUT
putOnTop: FAILURE
makeMember: INVALID_INPUT
buyRecord: SUCCESS
getPhone: 86
addCostumer: SUCCESS
buyRecord: SUCCESS
putOnTop: SUCCESS
addCostumer: ALREADY_EXISTS
getExpenses: DOESNT_EXISTS
addPrize: SUCCESS
getPhone: 172
getPhone: 6
addPrize: SUCCESS
getExpenses: DOESNT_EXISTS
buyRecord: SUCCESS
addPrize: INVALID_INPUT
putOnTop: DOESNT_EXISTS
addPrize: SUCCESS
getPlace: INVALID_INPUT
getPhone: 165
getExpenses: -180
addCostumer: SUCCESS
getPhone: 86
addPrize: SUCCESS
getExpenses: DOESNT_EXISTS
getPlace: column=13, hight=0
buyRecord: SUCCESS
buyRecord: SUCCESS
getPlace: column=13, hight=0
addCostumer: SUCCESS
getPlace: INVALID_INPUT
getExpenses: DOESNT_EXISTS
makeMember: SUCCESS
makeMember: ALREADY_EXISTS
isMember: False
putOnTop: SUCCESS
buyRecord: INVALID_INPUT
getExpenses: DOESNT_EXISTS
makeMember: SUCCESS
makeMember: ALREADY_EXISTS
putOnTop: SUCCESS
isMember: True
getExpenses: DOESNT_EXISTS
getExpenses: -37
newMonth: SUCCESS
addCostumer: SUCCESS
addCostumer: SUCCESS
addCostumer: SUCCESS
isMember: False
getExpenses: DOESNT_EXISTS
buyRecord: SUCCESS
buyRecord: SUCCESS
buyRecord: SUCCESS
isMember: False
getPhone: DOESNT_EXISTS
getPhone: 98
buyRecord: SUCCESS
getExpenses: DOESNT_EXISTS
isMember: False
isMember: False
addPrize: SUCCESS
addCostumer: SUCCESS
getPhone: 98
addPrize: INVALID_INPUT
addPrize: INVALID_INPUT
isMember: False
getPhone: DOESNT_EXISTS
isMember: False
buyRecord: DOESNT_EXISTS
buyRecord: DOESNT_EXISTS
isMember: False
buyRecord: SUCCESS
buyRecord: SUCCESS
getPlace: column=22, hight=0
buyRecord: SUCCESS
addCostumer: SUCCESS
getExpenses: DOESNT_EXISTS
addCostumer: SUCCESS
getPlace: column=27, hight=0
getPlace: column=20, hight=0
buyRecord: SUCCESS
getPhone: INVALID_INPUT
putOnTop: SUCCESS
getPhone: 98
addCostumer: SUCCESS
addPrize: INVALID_INPUT
addPrize: SUCCESS
buyRecord: SUCCESS
putOnTop: DOESNT_EXISTS
makeMember: SUCCESS
getExpenses: DOESNT_EXISTS
getPlace: column=19, hight=0
isMember: False
makeMember: SUCCESS
getExpenses: DOESNT_EXISTS
isMember: False
getPlace: column=10, hight=0
buyRecord: SUCCESS
getExpenses: 0
buyRecord: SUCCESS
getPhone: DOESNT_EXISTS
isMember: DOESNT_EXISTS
getPlace: column=24, hight=0
addPrize: SUCCESS
addCostumer: SUCCESS
putOnTop: SUCCESS
isMember: False
getExpenses: -74
putOnTop: SUCCESS
buyRecord: SUCCESS
buyRecord: SUCCESS
putOnTop: SUCCESS
getExpenses: INVALID_INPUT
addPrize: INVALID_INPUT
getExpenses: DOESNT_EXISTS
addPrize: SUCCESS
addPrize: SUCCESS
isMember: True
buyRecord: SUCCESS
isMember: True
getPhone: 157
addPrize: INVALID_INPUT
getExpenses: DOESNT_EXISTS
isMember: False
isMember: True
addPrize: SUCCESS
putOnTop: SUCCESS
addPrize: INVALID_INPUT
addPrize: SUCCESS
addPrize: SUCCESS
makeMember: DOESNT_EXISTS
getPlace: column=4, hight=0
makeMember: SUCCESS
getPhone: 142
getExpenses: DOESNT_EXISTS
getPhone: 20
addPrize: SUCCESS
addCostumer: INVALID_INPUT
putOnTop: SUCCESS
getPhone: 127
addPrize: SUCCESS
addCostumer: SUCCESS
getPlace: column=3, hight=0
getExpenses: DOESNT_EXISTS
getPlace: INVALID_INPUT
isMember: False
addPrize: SUCCESS
newMonth: SUCCESS
addCostumer: INVALID_INPUT
addCostumer: INVALID_INPUT
addCostumer: SUCCESS
makeMember: SUCCESS
addPrize: INVALID_INPUT
getPhone: 210
addCostumer: SUCCESS
getExpenses: 0
makeMember: SUCCESS
addCostumer: SUCCESS
buyRecord: SUCCESS
isMember: True
putOnTop: SUCCESS
addCostumer: SUCCESS
getPlace: column=0, hight=0
putOnTop: SUCCESS
addPrize: INVALID_INPUT
getPhone: 210
getPlace: column=20, hight=0
buyRecord: SUCCESS
isMember: True
getExpenses: INVALID_INPUT
putOnTop: SUCCESS
putOnTop: DOESNT_EXISTS
putOnTop: SUCCESS
addCostumer: SUCCESS
buyRecord: SUCCESS
getPlace: column=15, hight=0
buyRecord: SUCCESS
addCostumer: SUCCESS
addPrize: INVALID_INPUT
makeMember: SUCCESS
putOnTop: SUCCESS
getPhone: 15
makeMember: SUCCESS
addCostumer: SUCCESS
getPlace: column=28, hight=0
getExpenses: DOESNT_EXISTS
addPrize: SUCCESS
putOnTop: DOESNT_EXISTS
isMember: True
getPhone: 92
getPhone: 56
makeMember: SUCCESS
getExpenses: DOESNT_EXISTS
putOnTop: SUCCESS
getPhone: 210
addCostumer: INVALID_INPUT
makeMember: ALREADY_EXISTS
buyRecord: SUCCESS
getExpenses: 0
getExpenses: 0
getPlace: column=15, hight=17
isMember: True
makeMember: ALREADY_EXISTS
buyRecord: SUCCESS
addCostumer: SUCCESS
getPlace: column=31, hight=0
getPlace: column=26, hight=0
addCostumer: SUCCESS
getPlace: column=2, hight=0
addCostumer: SUCCESS
putOnTop: SUCCESS
makeMember: SUCCESS
makeMember: SUCCESS
putOnTop: SUCCESS
addCostumer: SUCCESS
putOnTop: SUCCESS
isMember: True
getExpenses: 0
getPhone: DOESNT_EXISTS
addCostumer: SUCCESS
buyRecord: INVALID_INPUT
buyRecord: DOESNT_EXISTS
buyRecord: INVALID_INPUT
addPrize: INVALID_INPUT
addCostumer: SUCCESS
getPlace: column=0, hight=0
isMember: DOESNT_EXISTS
addPrize: SUCCESS
addPrize: SUCCESS
buyRecord: SUCCESS
putOnTop: SUCCESS
buyRecord: SUCCESS
getPlace: column=2, hight=0
putOnTop: DOESNT_EXISTS
getPhone: INVALID_INPUT
buyRecord: SUCCESS
buyRecord: SUCCESS
buyRecord: SUCCESS
buyRecord: SUCCESS
addCostumer: SUCCESS
addCostumer: SUCCESS
getPlace: column=21, hight=0
getExpenses: DOESNT_EXISTS
getExpenses: DOESNT_EXISTS
addPrize: SUCCESS
getPlace: column=29, hight=0
getPhone: 187
addPrize: INVALID_INPUT
putOnTop: INVALID_INPUT
isMember: False
newMonth: SUCCESS
addCostumer: SUCCESS
addCostumer: SUCCESS
addCostumer: SUCCESS
getExpenses: DOESNT_EXISTS
addCostumer: SUCCESS
makeMember: SUCCESS
makeMember: SUCCESS
getExpenses: INVALID_INPUT
makeMember: ALREADY_EXISTS
makeMember: SUCCESS
getPhone: 239
addCostumer: SUCCESS
makeMember: ALREADY_EXISTS
getPlace: column=10, hight=0
getExpenses: DOESNT_EXISTS
makeMember: DOESNT_EXISTS
addCostumer: SUCCESS
getExpenses: 0
addPrize: INVALID_INPUT
isMember: False
getExpenses: DOESNT_EXISTS
getExpenses: DOESNT_EXISTS
getExpenses: DOESNT_EXISTS
putOnTop: SUCCESS
isMember: True
getExpenses: DOESNT_EXISTS
getPhone: 203
getPhone: DOESNT_EXISTS
isMember: True
getExpenses: 0
isMember: False
buyRecord: INVALID_INPUT
isMember: DOESNT_EXISTS
isMember: False
getPhone: 227
getPlace: column=23, hight=0
buyRecord: SUCCESS
makeMember: ALREADY_EXISTS
addCostumer: SUCCESS
buyRecord: SUCCESS
buyRecord: SUCCESS
makeMember: ALREADY_EXISTS
getExpenses: DOESNT_EXISTS
newMonth: SUCCESS
makeMember: SUCCESS
getPlace: DOESNT_EXISTS
addCostumer: SUCCESS
buyRecord: SUCCESS
getExpenses: 0
isMember: True
isMember: False
addPrize: SUCCESS
getExpenses: INVALID_INPUT
isMember: DOESNT_EXISTS
getExpenses: DOESNT_EXISTS
addCostumer: SUCCESS
addCostumer: SUCCESS
addPrize: SUCCESS
makeMember: SUCCESS
getPhone: 176
isMember: True
getExpenses: DOESNT_EXISTS
makeMember: ALREADY_EXISTS
putOnTop: SUCCESS
getExpenses: -9
getExpenses: -9
putOnTop: SUCCESS
addCostumer: SUCCESS
addCostumer: SUCCESS
getPlace: column=1, hight=0
getPhone: 176
putOnTop: DOESNT_EXISTS
buyRecord: SUCCESS
makeMember: ALREADY_EXISTS
getPhone: 227
addPrize: INVALID_INPUT
isMember: False
getExpenses: -74
addCostumer: SUCCESS
addCostumer: SUCCESS
addCostumer: SUCCESS
getPhone: 36
getPlace: column=10, hight=0
makeMember: INVALID_INPUT
getPhone: INVALID_INPUT
getPhone: 176
getExpenses: -9
makeMember: SUCCESS
isMember: False
getPhone: 203
getExpenses: DOESNT_EXISTS
getPhone: 190
makeMember: SUCCESS
buyRecord: DOESNT_EXISTS
makeMember: SUCCESS
isMember: True
putOnTop: SUCCESS
addCostumer: SUCCESS
addCostumer: SUCCESS
addPrize: INVALID_INPUT
isMember: True
putOnTop: SUCCESS
getPlace: column=9, hight=0
newMonth: SUCCESS
addCostumer: SUCCESS
addCostumer: SUCCESS
addCostumer: SUCCESS
getPlace: column=12, hight=0
isMember: False
getPlace: INVALID_INPUT
isMember: False
putOnTop: SUCCESS
putOnTop: SUCCESS
makeMember: SUCCESS
getExpenses: 0
getPlace: DOESNT_EXISTS
getExpenses: 0
putOnTop: DOESNT_EXISTS
putOnTop: SUCCESS
addPrize: INVALID_INPUT
isMember: False
getPhone: 155
addPrize: SUCCESS
getPhone: INVALID_INPUT
getPhone: 2
putOnTop: SUCCESS
addPrize: INVALID_INPUT
buyRecord: SUCCESS
addCostumer: SUCCESS
putOnTop: SUCCESS
getExpenses: 100
makeMember: SUCCESS
getPlace: DOESNT_EXISTS
addPrize: SUCCESS
isMember: True
isMember: True
putOnTop: SUCCESS
addCostumer: SUCCESS
buyRecord: SUCCESS
isMember: True
putOnTop: SUCCESS
isMember: INVALID_INPUT
addPrize: SUCCESS
makeMember: INVALID_INPUT
isMember: False
putOnTop: SUCCESS
getExpenses: DOESNT_EXISTS
addCostumer: ALREADY_EXISTS
getExpenses: DOESNT_EXISTS
getPlace: column=8, hight=12
getPlace: INVALID_INPUT
putOnTop: INVALID_INPUT
addPrize: SUCCESS
getExpenses: -45
putOnTop: SUCCESS
putOnTop: INVALID_INPUT
getPlace: DOESNT_EXISTS
getExpenses: -45
putOnTop: SUCCESS
makeMember: SUCCESS
getExpenses: INVALID_INPUT
putOnTop: DOESNT_EXISTS
getExpenses: -45
addCostumer: SUCCESS
getExpenses: DOESNT_EXISTS
isMember: True
buyRecord: SUCCESS
isMember: DOESNT_EXISTS
addPrize: INVALID_INPUT
addCostumer: SUCCESS
getPlace: column=8, hight=40
getExpenses: DOESNT_EXISTS
buyRecord: SUCCESS
makeMember: SUCCESS
isMember: INVALID_INPUT
isMember: True
makeMember: ALREADY_EXISTS
getExpenses: DOESNT_EXISTS
addCostumer: SUCCESS
putOnTop: DOESNT_EXISTS
addPrize: INVALID_INPUT
makeMember: DOESNT_EXISTS
getPhone: 2
addCostumer: SUCCESS
buyRecord: SUCCESS
putOnTop: FAILURE
getExpenses: 100
addCostumer: SUCCESS
getExpenses: 0
addCostumer: SUCCESS
addCostumer: SUCCESS
buyRecord: SUCCESS
makeMember: ALREADY_EXISTS
putOnTop: FAILURE
getPhone: 175
getExpenses: 200
getExpenses: DOESNT_EXISTS
getPhone: 142
makeMember: INVALID_INPUT
getExpenses: DOESNT_EXISTS
getExpenses: 101
makeMember: DOESNT_EXISTS
getExpenses: DOESNT_EXISTS
makeMember: SUCCESS
putOnTop: FAILURE
addCostumer: SUCCESS
